0 info it worked if it ends with ok
1 verbose cli [ 'node', '/usr/local/bin/npm', 'install', '-g', 'forever' ]
2 info using npm@1.4.28
3 info using node@v0.10.36
4 verbose cache add [ 'forever', null ]
5 verbose cache add name=undefined spec="forever" args=["forever",null]
6 verbose parsed url { protocol: null,
6 verbose parsed url   slashes: null,
6 verbose parsed url   auth: null,
6 verbose parsed url   host: null,
6 verbose parsed url   port: null,
6 verbose parsed url   hostname: null,
6 verbose parsed url   hash: null,
6 verbose parsed url   search: null,
6 verbose parsed url   query: null,
6 verbose parsed url   pathname: 'forever',
6 verbose parsed url   path: 'forever',
6 verbose parsed url   href: 'forever' }
7 silly lockFile e07f8c4a-forever forever
8 verbose lock forever /Users/AP/.npm/e07f8c4a-forever.lock
9 silly lockFile e07f8c4a-forever forever
10 silly lockFile e07f8c4a-forever forever
11 verbose addNamed [ 'forever', '' ]
12 verbose addNamed [ null, '*' ]
13 silly lockFile 28ef027b-forever forever@
14 verbose lock forever@ /Users/AP/.npm/28ef027b-forever.lock
15 silly addNameRange { name: 'forever', range: '*', hasData: false }
16 verbose request where is /forever
17 verbose request registry https://registry.npmjs.org/
18 verbose request id 35466dddeebe964c
19 verbose url raw /forever
20 verbose url resolving [ 'https://registry.npmjs.org/', './forever' ]
21 verbose url resolved https://registry.npmjs.org/forever
22 verbose request where is https://registry.npmjs.org/forever
23 info trying registry request attempt 1 at 15:20:40
24 http GET https://registry.npmjs.org/forever
25 http 200 https://registry.npmjs.org/forever
26 silly registry.get cb [ 200,
26 silly registry.get   { date: 'Sun, 12 Apr 2015 09:50:45 GMT',
26 silly registry.get     server: 'CouchDB/1.5.0 (Erlang OTP/R16B03)',
26 silly registry.get     etag: '"8HCPHODERJ38H1EXYC9IN9IM9"',
26 silly registry.get     'content-type': 'application/json',
26 silly registry.get     'cache-control': 'max-age=60',
26 silly registry.get     'content-length': '73484',
26 silly registry.get     'accept-ranges': 'bytes',
26 silly registry.get     via: '1.1 varnish',
26 silly registry.get     age: '0',
26 silly registry.get     'x-served-by': 'cache-fra1231-FRA',
26 silly registry.get     'x-cache': 'HIT',
26 silly registry.get     'x-cache-hits': '1',
26 silly registry.get     'x-timer': 'S1428832244.775756,VS0,VE422',
26 silly registry.get     vary: 'Accept',
26 silly registry.get     'keep-alive': 'timeout=10, max=50',
26 silly registry.get     connection: 'Keep-Alive' } ]
27 silly addNameRange number 2 { name: 'forever', range: '*', hasData: true }
28 silly addNameRange versions [ 'forever',
28 silly addNameRange   [ '0.6.0',
28 silly addNameRange     '0.6.1',
28 silly addNameRange     '0.6.2',
28 silly addNameRange     '0.6.3',
28 silly addNameRange     '0.6.4',
28 silly addNameRange     '0.6.5',
28 silly addNameRange     '0.6.6',
28 silly addNameRange     '0.6.7',
28 silly addNameRange     '0.6.8',
28 silly addNameRange     '0.6.9',
28 silly addNameRange     '0.7.0',
28 silly addNameRange     '0.7.1',
28 silly addNameRange     '0.7.2',
28 silly addNameRange     '0.7.3',
28 silly addNameRange     '0.7.4',
28 silly addNameRange     '0.7.5',
28 silly addNameRange     '0.8.0',
28 silly addNameRange     '0.8.1',
28 silly addNameRange     '0.8.2',
28 silly addNameRange     '0.8.3',
28 silly addNameRange     '0.8.4',
28 silly addNameRange     '0.8.5',
28 silly addNameRange     '0.9.0',
28 silly addNameRange     '0.9.1',
28 silly addNameRange     '0.9.2',
28 silly addNameRange     '0.10.0',
28 silly addNameRange     '0.10.5',
28 silly addNameRange     '0.10.6',
28 silly addNameRange     '0.10.7',
28 silly addNameRange     '0.10.8',
28 silly addNameRange     '0.10.9',
28 silly addNameRange     '0.10.10',
28 silly addNameRange     '0.10.11',
28 silly addNameRange     '0.11.0',
28 silly addNameRange     '0.11.1',
28 silly addNameRange     '0.12.0',
28 silly addNameRange     '0.13.0',
28 silly addNameRange     '0.14.1' ] ]
29 verbose addNamed [ 'forever', '0.14.1' ]
30 verbose addNamed [ '0.14.1', '0.14.1' ]
31 silly lockFile ce67a8ea-forever-0-14-1 forever@0.14.1
32 verbose lock forever@0.14.1 /Users/AP/.npm/ce67a8ea-forever-0-14-1.lock
33 silly lockFile a1fd44e2-s-org-forever-forever-0-14-1-tgz https://registry.npmjs.org/forever/-/forever-0.14.1.tgz
34 verbose lock https://registry.npmjs.org/forever/-/forever-0.14.1.tgz /Users/AP/.npm/a1fd44e2-s-org-forever-forever-0-14-1-tgz.lock
35 verbose addRemoteTarball [ 'https://registry.npmjs.org/forever/-/forever-0.14.1.tgz',
35 verbose addRemoteTarball   '48bed8c2b215be5c1a3bf429275514a4dca1158a' ]
36 info retry fetch attempt 1 at 15:20:55
37 verbose fetch to= /var/folders/8b/w3wkry6n7l5bp04y12x7hlv80000gn/T/npm-18229-KbZ9pKao/registry.npmjs.org/forever/-/forever-0.14.1.tgz
38 http GET https://registry.npmjs.org/forever/-/forever-0.14.1.tgz
39 http 200 https://registry.npmjs.org/forever/-/forever-0.14.1.tgz
40 silly lockFile a1fd44e2-s-org-forever-forever-0-14-1-tgz https://registry.npmjs.org/forever/-/forever-0.14.1.tgz
41 silly lockFile a1fd44e2-s-org-forever-forever-0-14-1-tgz https://registry.npmjs.org/forever/-/forever-0.14.1.tgz
42 silly lockFile ce67a8ea-forever-0-14-1 forever@0.14.1
43 silly lockFile ce67a8ea-forever-0-14-1 forever@0.14.1
44 silly lockFile 28ef027b-forever forever@
45 silly lockFile 28ef027b-forever forever@
46 silly resolved [ { name: 'forever',
46 silly resolved     preferGlobal: 'true',
46 silly resolved     description: 'A simple CLI tool for ensuring that a given node script runs continuously (i.e. forever)',
46 silly resolved     version: '0.14.1',
46 silly resolved     author: { name: 'Charlie Robbins', email: 'charlie.robbins@gmail.com' },
46 silly resolved     maintainers: [ [Object], [Object], [Object], [Object], [Object] ],
46 silly resolved     repository: { type: 'git', url: 'http://github.com/nodejitsu/forever.git' },
46 silly resolved     keywords: [ 'cli', 'fault tolerant', 'sysadmin', 'tools' ],
46 silly resolved     dependencies:
46 silly resolved      { colors: '~0.6.2',
46 silly resolved        cliff: '~0.1.9',
46 silly resolved        flatiron: '~0.4.2',
46 silly resolved        'forever-monitor': '~1.5.1',
46 silly resolved        nconf: '~0.6.9',
46 silly resolved        nssocket: '~0.5.1',
46 silly resolved        optimist: '~0.6.0',
46 silly resolved        timespan: '~2.3.0',
46 silly resolved        utile: '~0.2.1',
46 silly resolved        winston: '~0.8.1' },
46 silly resolved     devDependencies:
46 silly resolved      { broadway: '~0.3.6',
46 silly resolved        eventemitter2: '0.4.x',
46 silly resolved        request: '2.x.x',
46 silly resolved        vows: '0.7.x' },
46 silly resolved     bin: { forever: './bin/forever' },
46 silly resolved     main: './lib/forever',
46 silly resolved     scripts: { test: 'vows test/**/*-test.js --spec -i' },
46 silly resolved     engines: { node: '>= 0.8.x' },
46 silly resolved     gitHead: '509eaf24deaf1ea8515298d5fcf16708715e658c',
46 silly resolved     bugs: { url: 'https://github.com/nodejitsu/forever/issues' },
46 silly resolved     homepage: 'https://github.com/nodejitsu/forever',
46 silly resolved     _id: 'forever@0.14.1',
46 silly resolved     _shasum: '48bed8c2b215be5c1a3bf429275514a4dca1158a',
46 silly resolved     _from: 'forever@',
46 silly resolved     _npmVersion: '2.2.0',
46 silly resolved     _nodeVersion: '0.10.33',
46 silly resolved     _npmUser: { name: 'indexzero', email: 'charlie.robbins@gmail.com' },
46 silly resolved     dist:
46 silly resolved      { shasum: '48bed8c2b215be5c1a3bf429275514a4dca1158a',
46 silly resolved        tarball: 'http://registry.npmjs.org/forever/-/forever-0.14.1.tgz' },
46 silly resolved     directories: {},
46 silly resolved     _resolved: 'https://registry.npmjs.org/forever/-/forever-0.14.1.tgz' } ]
47 info install forever@0.14.1 into /usr/local/lib
48 info installOne forever@0.14.1
49 verbose lib/node_modules/forever unbuild
50 verbose tar unpack /Users/AP/.npm/forever/0.14.1/package.tgz
51 silly lockFile 5fd21e72-r-local-lib-node-modules-forever tar:///usr/local/lib/node_modules/forever
52 verbose lock tar:///usr/local/lib/node_modules/forever /Users/AP/.npm/5fd21e72-r-local-lib-node-modules-forever.lock
53 silly lockFile 1d6819fe-P-npm-forever-0-14-1-package-tgz tar:///Users/AP/.npm/forever/0.14.1/package.tgz
54 verbose lock tar:///Users/AP/.npm/forever/0.14.1/package.tgz /Users/AP/.npm/1d6819fe-P-npm-forever-0-14-1-package-tgz.lock
55 silly gunzTarPerm modes [ '755', '644' ]
56 error Error: EACCES, mkdir '/usr/local/lib/node_modules/forever'
56 error  { [Error: EACCES, mkdir '/usr/local/lib/node_modules/forever']
56 error   errno: 3,
56 error   code: 'EACCES',
56 error   path: '/usr/local/lib/node_modules/forever',
56 error   fstream_type: 'Directory',
56 error   fstream_path: '/usr/local/lib/node_modules/forever',
56 error   fstream_class: 'DirWriter',
56 error   fstream_stack:
56 error    [ '/usr/local/lib/node_modules/npm/node_modules/fstream/lib/dir-writer.js:36:23',
56 error      '/usr/local/lib/node_modules/npm/node_modules/mkdirp/index.js:46:53',
56 error      'Object.oncomplete (fs.js:108:15)' ] }
57 error Please try running this command again as root/Administrator.
58 error System Darwin 14.1.0
59 error command "node" "/usr/local/bin/npm" "install" "-g" "forever"
60 error cwd /Applications/XAMPP/xamppfiles/htdocs/node-wordpress-ajax-hook
61 error node -v v0.10.36
62 error npm -v 1.4.28
63 error path /usr/local/lib/node_modules/forever
64 error fstream_path /usr/local/lib/node_modules/forever
65 error fstream_type Directory
66 error fstream_class DirWriter
67 error code EACCES
68 error errno 3
69 error stack Error: EACCES, mkdir '/usr/local/lib/node_modules/forever'
70 error fstream_stack /usr/local/lib/node_modules/npm/node_modules/fstream/lib/dir-writer.js:36:23
70 error fstream_stack /usr/local/lib/node_modules/npm/node_modules/mkdirp/index.js:46:53
70 error fstream_stack Object.oncomplete (fs.js:108:15)
71 verbose exit [ 3, true ]
